00:03:15.555 [main] WARN  o.s.c.a.AnnotationConfigApplicationContext - Exception encountered during context initialization - cancelling refresh attempt: org.springframework.beans.factory.BeanCreationException: Error creating bean with name 'memioomBot': Injection of autowired dependencies failed; nested exception is java.lang.IllegalArgumentException: Could not resolve placeholder 'token' in value "${token}"
01:05:57.009 [main] WARN  o.s.c.a.AnnotationConfigApplicationContext - Exception encountered during context initialization - cancelling refresh attempt: org.springframework.beans.factory.BeanCreationException: Error creating bean with name 'memioomBot': Injection of autowired dependencies failed; nested exception is java.lang.IllegalArgumentException: Could not resolve placeholder 'token' in value "${token}"
15:22:55.180 [main] WARN  o.s.c.a.AnnotationConfigApplicationContext - Exception encountered during context initialization - cancelling refresh attempt: org.springframework.beans.factory.BeanCreationException: Error creating bean with name 'runApp' defined in class path resource [org/boot/MemioomBot.class]: Bean instantiation via factory method failed; nested exception is org.springframework.beans.BeanInstantiationException: Failed to instantiate [net.dv8tion.jda.api.JDA]: Factory method 'runApp' threw exception; nested exception is net.dv8tion.jda.api.exceptions.InvalidTokenException: The provided token is invalid!
15:24:50.185 [main] INFO  net.dv8tion.jda.api.JDA - Login Successful!
15:24:50.473 [JDA MainWS-ReadThread] INFO  n.d.j.i.requests.WebSocketClient - Connected to WebSocket
15:24:50.926 [JDA MainWS-ReadThread] INFO  net.dv8tion.jda.api.JDA - Finished Loading!
15:26:26.090 [main] INFO  org.boot.SpringApp - Starting SpringApp using Java 1.8.0_241 on SeeMemes-PC with PID 720 (C:\Users\User\Desktop\MemioomBot\target\classes started by User in C:\Users\User\Desktop\MemioomBot)
15:26:26.092 [main] INFO  org.boot.SpringApp - No active profile set, falling back to 1 default profile: "default"
15:26:27.211 [main] INFO  net.dv8tion.jda.api.JDA - Login Successful!
15:26:27.323 [main] INFO  org.boot.SpringApp - Started SpringApp in 1.423 seconds (JVM running for 2.02)
15:26:27.517 [JDA MainWS-ReadThread] INFO  n.d.j.i.requests.WebSocketClient - Connected to WebSocket
15:26:27.915 [JDA MainWS-ReadThread] INFO  net.dv8tion.jda.api.JDA - Finished Loading!
15:27:43.756 [main] INFO  org.boot.SpringApp - Starting SpringApp using Java 1.8.0_241 on SeeMemes-PC with PID 7508 (C:\Users\User\Desktop\MemioomBot\target\classes started by User in C:\Users\User\Desktop\MemioomBot)
15:27:43.757 [main] INFO  org.boot.SpringApp - No active profile set, falling back to 1 default profile: "default"
15:27:44.840 [main] INFO  net.dv8tion.jda.api.JDA - Login Successful!
15:27:44.955 [main] INFO  org.boot.SpringApp - Started SpringApp in 1.381 seconds (JVM running for 1.937)
15:27:45.109 [JDA MainWS-ReadThread] INFO  n.d.j.i.requests.WebSocketClient - Connected to WebSocket
15:27:45.422 [JDA MainWS-ReadThread] INFO  net.dv8tion.jda.api.JDA - Finished Loading!
15:28:32.827 [main] INFO  o.s.d.r.c.RepositoryConfigurationDelegate - Bootstrapping Spring Data JPA repositories in DEFAULT mode.
15:28:32.838 [main] INFO  o.s.d.r.c.RepositoryConfigurationDelegate - Finished Spring Data repository scanning in 3 ms. Found 0 JPA repository interfaces.
15:28:32.975 [main] WARN  o.s.c.a.AnnotationConfigApplicationContext - Exception encountered during context initialization - cancelling refresh attempt: org.springframework.beans.factory.UnsatisfiedDependencyException: Error creating bean with name 'dataSourceScriptDatabaseInitializer' defined in class path resource [org/springframework/boot/autoconfigure/sql/init/DataSourceInitializationConfiguration.class]: Unsatisfied dependency expressed through method 'dataSourceScriptDatabaseInitializer' parameter 0; nested exception is org.springframework.beans.factory.BeanCreationException: Error creating bean with name 'dataSource' defined in class path resource [org/springframework/boot/autoconfigure/jdbc/DataSourceConfiguration$Hikari.class]: Bean instantiation via factory method failed; nested exception is org.springframework.beans.BeanInstantiationException: Failed to instantiate [com.zaxxer.hikari.HikariDataSource]: Factory method 'dataSource' threw exception; nested exception is org.springframework.boot.autoconfigure.jdbc.DataSourceProperties$DataSourceBeanCreationException: Failed to determine a suitable driver class
